2025-11-30T21:23:53 update: added Tamil/Ilaiyaraaja, S. P. Balasubrahmanyam, Arivumathi, K. S. Chithra - Sempoove Poove.mp3
2025-11-30T21:23:53 update: added Tamil/K, M.L.R. Karthikeyan, Raqueeb Alam, Kabilan - Kannitheevu Ponna.mp3
2025-11-30T21:23:53 update: added Tamil/Mano, K. S. Chithra - Jingidi Jingidi.mp3
2025-11-30T21:23:53 update: added Tamil/JC Joe, Kapil Kapilan, Uma Devi - Mute Love Story (From 'Oh God Beautiful').mp3
2025-11-30T21:23:53 update: added Tamil/Haricharan, Sruthi - Unnai Kandane.mp3
2025-11-30T21:23:53 update: added Tamil/Harish Raghavendra - Vizhigalil Vizhigalil.mp3
2025-11-30T21:23:53 update: added Tamil/Swarnalatha, Pushpavanam Kuppusamy - Thottu Thottu (Form 'Ethirum Puthirum').mp3
2025-11-30T21:23:53 update: added Tamil/Joshua Sridhar, Karthik, Sri Charan - Kaatril Eeram.mp3
2025-11-30T21:23:53 update: added Tamil/S. P. Balasubrahmanyam, Sujatha, Arivumathi - Azhagooril.mp3
2025-11-30T21:23:53 update: added Tamil/D. Imman, Kumaresh KamalaKannan, Nalini Krishnan, Madhan Karky - Kulebaa Vaa (From 'Ippadai Vellum').mp3
2025-11-30T21:23:53 update: added Tamil/Udit Narayan, Kavita Krishnamurthy - Achcho.mp3
2025-11-30T21:23:53 update: added Tamil/Vijay Antony, Emcee Jezz, Naresh Iyer, Andrea Jeremiah, Sharmila - Kadhalikka.mp3
2025-11-30T21:23:53 update: added Tamil/A.R. Rahman, Adnan Sami, Sujatha, Vairamuthu - Nenjam Ellam.mp3
2025-11-30T21:23:53 update: added Tamil/Supriya Joshi, Vijay Antony - Mascara.mp3
2025-11-30T21:23:53 update: added Tamil/Ilaiyaraaja, Mano, K. S. Chithra - Kana Karunguyile.mp3
2025-11-30T21:23:53 update: added Tamil/Haricharan - Kadhal Vandhu.mp3
2025-11-30T21:23:53 update: added Tamil/Harris Jayaraj, Shankar Mahadevan, Sunidhi Chauhan, Chinmayi, Vairamuthu - Roja Kadale.mp3
2025-11-30T21:23:53 update: added Tamil/Sid Sriram - Yennuyire - Male Vocals.mp3
2025-11-30T21:23:53 update: added Tamil/K. S. Chithra, Mano - Siva Rathiri.mp3
2025-11-30T21:23:53 update: added Tamil/Santhosh Narayanan, Kalyani Nair, Pradeep Kumar - Agasatha.mp3
2025-11-30T21:23:53 update: added Tamil/K. J. Yesudas - Ila Nenje Vaa (From 'Vanna Vanna Pookkal').mp3
2025-11-30T21:23:53 update: added Tamil/D. Imman, Vijay Prakash - Pom Pom Pom.mp3
2025-11-30T21:23:53 update: added Tamil/Harris Jayaraj, Javed Ali, Mahalakshmi Iyer, Nincy Vincent, Madhan Karky - Kaal Mulaitha Poovae.mp3
2025-11-30T21:23:53 update: added Tamil/Ranina Reddy, SUVI, Rahul Nambiar - Kodana Kodi.mp3
2025-11-30T21:23:53 update: added Tamil/S. P. Balasubrahmanyam, Preethi - Kadhal Vaanile.mp3
2025-11-30T21:23:53 update: added Tamil/D. Imman, Sooraj Santhosh - Yaeley Yaeley Maruthu.mp3
2025-11-30T21:23:53 update: added Tamil/Yuvan Shankar Raja - Thaakkuthe Kan Thaakkuthe.mp3
2025-11-30T21:23:53 update: added Tamil/Nivas K Prasanna, Abhay Jodhpurkar, Saindhavi - Vinmeen.mp3
2025-11-30T21:23:53 update: added Tamil/A.R. Rahman, Vairamuthu - Mazhai Kuruvi.mp3
2025-11-30T21:23:53 update: added Tamil/Unnikrishnan - Innisai Paadivarum - Language- Tamil; Film- Thullatha Manamum Thullum; Film Artist 1- Vijay; Film Artist 2- Simran.mp3
2025-11-30T21:23:53 update: added Tamil/Sadhana Sargam - Akkam Pakkam.mp3
2025-11-30T21:23:53 update: added Tamil/Malaysia Vasudevan, Mano, K. S. Chithra - Nee Pottu Vacha.mp3
2025-11-30T21:23:53 update: added Tamil/Sunitha Menon - Aasal.mp3
2025-11-30T21:23:53 update: added Tamil/Ilaiyaraaja, Roshini, Pa. Vijay - Namma Kattula.mp3
2025-11-30T21:23:53 update: added Tamil/Udith Narayanan, Unnikrishnan, Harini - Soniya Soniya.mp3
2025-11-30T21:23:53 update: added Tamil/Yuvan Shankar Raja, Sathyan, Senthildas, Priyadarshini - Ennodu Vaa.mp3
2025-11-30T21:23:53 update: added Tamil/Ranjith Govind, Tippu, Haricharan, Karthik, Premgi Amaren - Jalsa (From 'Chennai-600028').mp3
2025-11-30T21:23:53 update: added Tamil/Yuvan Shankar Raja, Javed Ali, Madhushree, Pa. Vijay - Siragugal.mp3
2025-11-30T21:23:53 update: added Tamil/Harris Jayaraj, Chinmayi, Hariharan, Shweta Mohan, Viveka - Amali Thumali.mp3
2025-11-30T21:23:53 update: added Tamil/P. Jayachandran, Sunandha - Semmeene Semmeene.mp3
2025-11-30T21:23:53 update: added Tamil/Mani Sharma, Ranjith Govind, Mukesh - Vetri Kodi Yettru.mp3
2025-11-30T21:23:53 update: added Tamil/Thaman S, Karthik, Vijay Yesudas - Thanimaiye (From 'Aarathu Sinam').mp3
2025-11-30T21:23:53 update: added Tamil/Vijay Yesudas, Madhan Karky - Silu Silu.mp3
2025-11-30T21:23:53 update: added Tamil/Santhosh Narayanan, Muthamil - Kadhal Kappal.mp3
2025-11-30T21:23:53 update: added Tamil/S. P. Balasubrahmanyam - Paatha Kolusu (From 'Thirumathi Palanisamy').mp3
2025-11-30T21:23:53 update: added Tamil/Ilaiyaraaja, Swarnalatha, K. J. Yesudas, Vaali - Neethane.mp3
2025-11-30T21:23:53 update: added Tamil/Ghibran, Ranjith Govind, Neha Bhasin - Poraney Poraney.mp3
2025-11-30T21:23:53 update: added Tamil/S. P. Balasubrahmanyam, S. Janaki - Oru Naalum (From 'Yejaman').mp3
2025-11-30T21:23:53 update: added Tamil/P. Unnikrishnan,Harini - April Maathathil (From 'Vaali').mp3
2025-11-30T21:23:53 update: added Tamil/S. P. Balasubrahmanyam, S. Janaki - Intha Mamanoda Manasu.mp3
2025-11-30T21:23:53 update: added Tamil/Santhosh Dhayanidhi, Sid Sriram, Alisha Thomas, Aishwarya Kumar, Uma Devi - Hey Penne.mp3
2025-11-30T21:23:53 update: added Tamil/Madhu Balakrishnan, Madhushri - Ding Dong.mp3
2025-11-30T21:23:53 update: added Tamil/Ilaiyaraaja, S. P. Balasubrahmanyam, S. Janaki - Panivizhum Iravu.mp3
2025-11-30T21:23:53 update: added Tamil/Ilaiyaraaja, S. P. Balasubrahmanyam, S. Janaki - Thaen Poove.mp3
2025-11-30T21:23:53 update: added Tamil/Harris Jayaraj, Vijay Prakash, Karthik, Shreya Ghoshal, Shekhinah Shawn Jazeel, Viveka - Naani Koni.mp3
2025-11-30T21:23:53 update: added Tamil/Anirudh Ravichander, Priya Mali - Hayyoda (From 'Jawan').mp3
2025-11-30T21:23:53 update: added Tamil/Hariharan, Nakul, Vijay - Manjal Veyil.mp3
2025-11-30T21:23:53 update: added Tamil/Ramesh Vinayakam - Vizhigalin Aruginil.mp3
2025-11-30T21:23:53 update: added Tamil/Ilaiyaraaja - Nila Adhu Vanathumele.mp3
2025-11-30T21:23:53 update: added Tamil/Shankar Mahadevan - Pooparikka Neeyum.mp3
2025-11-30T21:23:53 update: added Tamil/Yuvan Shankar Raja, Shweta Mohan, Pa. Vijay - Yedhedo Ennangal.mp3
2025-11-30T21:23:53 update: added Tamil/A.R. Rahman, Vairamuthu, S. P. Balasubrahmanyam - Thanga Thamari Magale.mp3
2025-11-30T21:23:53 update: added Tamil/Yuvan Shankar Raja, Pa. Vijay, Neha Bhasin, Preethi Balla - Sei Yedhavathu Sei.mp3
2025-11-30T21:23:53 update: added Tamil/Yuvan Shankar Raja, Andrea Jeremiah, Tanvi Shah, Ranjith Govind, Vinaita Sivakumar - Theeratha Vilaiyattu.mp3
2025-11-30T21:23:53 update: added Tamil/Sudharshan M. Kumar, Ranjith Govind - En Moochum Venam.mp3
2025-11-30T21:23:53 update: added Tamil/A.R. Rahman, Shankar Mahadevan, Anuradha Sriram - Kaattu Sirukki.mp3
2025-11-30T21:23:53 update: added Tamil/Ilaiyaraaja, Mano, P. Susheela - Maala Karukkaliley.mp3
2025-11-30T21:23:53 update: added Tamil/Sonu Nigam, Saindhavi, G. V. Prakash, Na.Muthukumar - Manasellam Mazhaiye.mp3
2025-11-30T21:23:53 update: added Tamil/Santhosh Narayanan, Pradeep Kumar - Mogathirai.mp3
2025-11-30T21:23:53 update: added Tamil/S. P. Balasubrahmanyam, K. S. Chithra - Hey Aiyasamy.mp3
2025-11-30T21:23:53 update: added Tamil/Ilaiyaraaja, Unnikrishnan, Arunmozhi - Maalai Yen Vedhanai.mp3
2025-11-30T21:23:53 update: added Tamil/Ilaiyaraaja, Gangai Amaran, K. S. Chithra - Poojaiketha Poovidhu.mp3
2025-11-30T21:23:53 update: added Tamil/Ilaiyaraaja, K. J. Yesudas, C. Dinesh - Azhaikiraan Maathavan.mp3
2025-11-30T21:23:53 update: added Tamil/Ilaiyaraaja, S. Janaki - Oru Sandhana Kaattukkulle.mp3
2025-11-30T21:23:53 update: added Tamil/Ilaiyaraaja, Palani Bharathi - Ennai Thalatta Varuvala (Duet).mp3
2025-11-30T21:23:53 update: added Tamil/K. J. Yesudas, S. Janaki - Thendral Kaatre.mp3
2025-11-30T21:23:53 update: added Tamil/G. V. Prakash, Dhanush, Aishwarya R Dhanush, Andrea Jeremiah, Selvaraghavan - Un Mela Aasadhaan.mp3
2025-11-30T21:23:53 update: added Tamil/Vijay Antony, Vairamuthu, Jayadev, Rajalakshmi - Nenjangootil Neeye.mp3
2025-11-30T21:23:53 update: added Tamil/S. P. Balasubrahmanyam - Madai Thiranthu.mp3
2025-11-30T21:23:53 update: added Tamil/Yuvan Shankar Raja, Madhushree, Vaali - Nanbane.mp3
2025-11-30T21:23:53 update: added Tamil/Unni Menon, Swarnalatha - Poongatrile.mp3
2025-11-30T21:23:53 update: added Tamil/Devan Ekambaram, Sujatha - Manjal Poosum.mp3
2025-11-30T21:23:53 update: added Tamil/Santhosh Narayanan, Dhee, Gana Muthu, Aditya Ravindran - Shik Shik Shik.mp3
2025-11-30T21:23:53 update: added Tamil/Malaysia Vasudevan - Annakiliyae.mp3
2025-11-30T21:23:53 update: added Tamil/Deva, Vaali, S. P. Balasubrahmanyam, K. S. Chithra - Sendhoora Pandikku.mp3
2025-11-30T21:23:53 update: added Tamil/K. J. Yesudas, Swarnalatha - Aaradi Chuvaruthaan.mp3
2025-11-30T21:23:53 update: added Tamil/K. J. Yesudas - En Iniya Pon Nilave Pon.mp3
2025-11-30T21:23:53 update: added Tamil/Sabesh Murali, Vijay Yesudas, Chinmayi - Nila Nee Vaanam.mp3
2025-11-30T21:23:53 update: added Tamil/Sathyaprakash, Chinmayi - Saayaali.mp3
2025-11-30T21:23:53 update: added Tamil/Mani Sharma, Ranjith Govind, Saindhavi - Appa Amma Vilayatta.mp3
2025-11-30T21:23:53 update: added Tamil/Harris Jayaraj, Aalaap Raju, Prashanthini, Emcee Jesz, Sri Charan, Madhan Karky - Ennamo Yeadho.mp3
2025-11-30T21:23:53 update: added Tamil/Udit Narayan, Sowmya Raoh - Ithanundu (From 'Dhol').mp3
2025-11-30T21:23:53 update: added Tamil/Sayanora Philip, Devan Ekambaram - Honey Honey.mp3
2025-11-30T21:23:53 update: added Tamil/Hemachandra Vedala, Supriya Joshi - Unnai Kandanaal Mudhal.mp3
2025-11-30T21:23:53 update: added Tamil/Arunmozhi, Swarnalatha - Malligai Mottu.mp3
2025-11-30T21:23:53 update: added Tamil/D. Imman, Abhay Jodhpurkar, El Fé Choir, Madhan Karky - Oruthi Maelae.mp3
2025-11-30T21:23:53 update: added Tamil/Devi Sri Prasad, Baba Sehgal, Rohini - Jalsa Jalsa.mp3
2025-11-30T21:23:53 update: added Tamil/D. Imman, Shankar Mahadevan, Shreya Ghoshal, Madhan Karky - Vaarai Vaarai.mp3
2025-11-30T21:23:53 update: added Tamil/Kamal Haasan - Vikram Vikram.mp3
2025-11-30T21:23:53 update: added Tamil/K. S. Chithra - Nee Pogum.mp3
2025-11-30T21:23:53 update: added Tamil/Harris Jayaraj, Shail Hada, Sudha Ragunathan, Andrea Jeremiah, Thamarai - Yeno Yeno Panithuli.mp3
2025-11-30T21:23:53 update: added Tamil/Haricharan, Madhushree - Vaigaasi Nilave.mp3
2025-11-30T21:23:53 update: added Tamil/Achu, Hemachandra Vedala - Oh Baby Girl.mp3
2025-11-30T21:23:53 update: added Tamil/Vijay Antony, Karthik, Saindhavi - Ippadi Mazhai.mp3
2025-11-30T21:23:53 update: added Tamil/C. Sathya - Thamirabarani.mp3
2025-11-30T21:23:53 update: added Tamil/K. J. Yesudas - Pottu Vaitha-KJ.mp3
2025-11-30T21:23:53 update: added Tamil/Ilaiyaraaja, S. P. Balasubrahmanyam, K. S. Chithra - Vaa Vaa Vanji.mp3
2025-11-30T21:23:53 update: added Tamil/Udit Narayan, Hariharan - Romeo Aattam Pottaal (From' Mr. Romeo').mp3
2025-11-30T21:23:53 update: added Tamil/Yuvan Shankar Raja, Karthik, Vijay Yesudas, Anusha Dhayanidhi - Balle Lakka.mp3
2025-11-30T21:23:53 update: added Tamil/Ilaiyaraaja, Mano, K.S. Chitra - Maniyae Manikkuyile.mp3
2025-11-30T21:23:53 update: added Tamil/Hariharan, Sadhana Sargam - Mottu Onru (From Kushi).mp3
2025-11-30T21:23:53 update: added Tamil/Ilaiyaraaja, Mano, P. Susheela - Aasayilae - Duet.mp3
2025-11-30T21:23:53 update: added Tamil/Santhosh Narayanan, Pradeep Kumar, Kalyani Nair - Aasai Oru Pulveli.mp3
2025-11-30T21:23:53 update: added Tamil/Ilaiyaraaja, Bela Shende - Vaanam Mella.mp3
2025-11-30T21:23:53 update: added Tamil/Hariharan, Madhushree - Vaaji Vaaji.mp3
2025-11-30T21:23:53 update: added Tamil/S. P. Balasubrahmanyam, P. Susheela - Muthumani Maalai (From 'Chinna Gounder').mp3
2025-11-30T21:23:53 update: added Tamil/Ilaiyaraaja, S. P. Balasubrahmanyam - Pachamala Poovu.mp3
2025-11-30T21:23:53 update: added Tamil/Shankar Mahadevan - Enna Solla Pogirai.mp3
2025-11-30T21:23:53 update: added Tamil/Yuvan Shankar Raja, Benny Dayal, Na.Muthukumar - Poongatre Poongatre.mp3
2025-11-30T21:23:53 update: added Tamil/Sundar Narayana Rao - Kuru Kuru.mp3
2025-11-30T21:23:53 update: added Tamil/Ilaiyaraaja - Aalolam Paadi (From 'Aavaram Poo').mp3
2025-11-30T21:23:53 update: added Tamil/S. P. Balasubrahmanyam, S. Janaki - Varudhu Varudhu.mp3
2025-11-30T21:23:53 update: added Tamil/Karthik Raja, Unnikrishnan, Harini - Veesum Kaatrukku.mp3
2025-11-30T21:23:53 update: added Tamil/Vijay Antony, Janaki Iyer, VV Prassanna, Kalaikumar - Azhagaai Pookkuthey.mp3
2025-11-30T21:23:53 update: added Tamil/G. V. Prakash, Na.Muthukumar, Shreya Ghoshal, Shankar Mahadevan - Urugudhe Maragudhe.mp3
2025-11-30T21:23:53 update: added Tamil/Shankar Mahadevan, Swarnalatha - Katta Katta.mp3
2025-11-30T21:23:53 update: added Tamil/G. V. Prakash, Shakthisree Gopalan - Angnyaade.mp3
2025-11-30T21:23:53 update: added Tamil/Mano, Swarnalatha - Sollividu Velli Nilavae (From 'Amaidhi Padai').mp3
2025-11-30T21:23:53 update: added Tamil/Malaysia Vasudevan - Aasai Nooruvagai.mp3
2025-11-30T21:23:53 update: added Tamil/D. Imman, Sathyaprakash - Aanaalum Indha Mayakkam.mp3
2025-11-30T21:23:53 update: added Tamil/Tippu, Srilekha Parthasarathy, Pa. Vijay - Thimsukatta.mp3
2025-11-30T21:23:53 update: added Tamil/Anuradha Sriram, Unnikrishnan - Enna Nenatche ('From Chokkathangam' ).mp3
2025-11-30T21:23:53 update: added Tamil/S. Janaki - Thalattum Poongkaatru.mp3
2025-11-30T21:23:53 update: added Tamil/C. Sathya, Vijay Prakash - Govinda.mp3
2025-11-30T21:23:53 update: added Tamil/Ujjaini - Kuthu Vilakku.mp3
2025-11-30T21:23:53 update: added Tamil/S. P. Balasubrahmanyam, Swarnalatha - Thiloththama.mp3
2025-11-30T21:23:53 update: added Tamil/Haricharan, Yuvan Shankar Raja - Arabu Naadu.mp3
2025-11-30T21:23:53 update: added Tamil/Mano, K. S. Chithra - Kudagu Malai.mp3
2025-11-30T21:23:53 update: added Tamil/Unnikrishnan, Harini - Pallangkuzhien.mp3
2025-11-30T21:23:53 update: added Tamil/C. Sathya, Chinmayi - Chotta Chotta.mp3
2025-11-30T21:23:53 update: added Tamil/Tippu, Rafi, Kalyan - Inthadi (From 'Dhol').mp3
2025-11-30T21:23:53 update: added Tamil/Harris Jayaraj, Devan Ekambaram, Nakul, Tippu, Andrea, Thamarai - Karka Karka.mp3
2025-11-30T21:23:53 update: added Tamil/Yuvan Shankar Raja, Velmurugan - Konjum Kili.mp3
2025-11-30T21:23:53 update: added Tamil/Leon James, Sathyaprakash - Thimiru Kaattaadha Di.mp3
2025-11-30T21:23:53 update: added Tamil/Senthil Dass, Surmukhi Raman - Aandipatti.mp3
2025-11-30T21:23:53 update: added Tamil/Sundarajan, Mano, Kalaivaanan - Pottri Paadadi Ponneh.mp3
2025-11-30T21:23:53 update: added Tamil/D. Imman, Shaan - O Divya O Divya.mp3
2025-11-30T21:23:53 update: added Tamil/Yuvan Shankar Raja, Javed Ali, Sowmya Raoh - Yedho Seigirai.mp3
2025-11-30T21:23:53 update: added Tamil/Harini - Manam Virumbuthe (From 'Naerukku Naer').mp3
2025-11-30T21:23:53 update: added Tamil/Kamal Haasan, Shreya Ghoshal - Unna Vida.mp3
2025-11-30T21:23:53 update: added Tamil/Harish Raghavendra, Sri Charan, Mega Chorus - Thozhiya.mp3
2025-11-30T21:23:53 update: added Tamil/D. Imman, Vishal Dadlani, Sunitha Sarathy, Thamarai - Thoovaanam.mp3
2025-11-30T21:23:53 update: added Tamil/S. P. Balasubrahmanyam, Sadhana Sargam, Reena Bhardwaj - Kaatril.mp3
2025-11-30T21:23:53 update: added Tamil/Mano, Swarnalatha - Malliyae Chinna Mullaiyae (From 'Pandithurai').mp3
2025-11-30T21:23:53 update: added Tamil/D. Imman, Sathyaprakash, Vandana Srinivasan - Adiye Unna Paathida.mp3
2025-11-30T21:23:53 update: added Tamil/Anirudh Ravichander, Pragathi Guruprasad, Madhan Karky - Osaka Osaka.mp3
2025-11-30T21:23:53 update: added Tamil/Malaysia Vasudevan - Vaa Vaa Vasanthame.mp3
2025-11-30T21:23:53 update: added Tamil/Deva, Vaali, S. P. Balasubrahmanyam, S. Janaki - Muthu Nagai.mp3
2025-11-30T21:23:53 update: added Tamil/Sonu Nigam, Swetha - Vizhiyil.mp3
2025-11-30T21:23:53 update: added Tamil/Santhosh Narayanan, Ananthu, Pradeep Kumar, Shweta Mohan - Maya Nadhi.mp3
2025-11-30T21:23:53 update: added Tamil/Bharani, Vasan, Hariharan, Sujatha Mohan - Nilave Nilave.mp3
2025-11-30T21:23:53 update: added Tamil/Vijay Antony, Karthik, Charulatha Mani, Annamalai - Chillax.mp3
2025-11-30T21:23:53 update: added Tamil/Vidyasagar, S.Rajalakshmi, Pa. Vijay - Palaanadhu Palaanadhu.mp3
2025-11-30T21:23:53 update: added Tamil/Devan Ekambaram, Yugendran, Febi Mani - Oh Maria (From 'Kadhalar Dhinam').mp3
2025-11-30T21:23:53 update: added Tamil/Yuvan Shankar Raja, Mano, Premgi Amaren, Tippu, Haricharan, Naveen Madhav, Vaali - Machi Open the Bottle.mp3
2025-11-30T21:23:53 update: added Tamil/S. P. Balasubrahmanyam, S. P. Sailaja - Puthu Maappillaikku.mp3
2025-11-30T21:23:53 update: added Tamil/Vidyasagar, Madhu Balakrishnan - Vaa Vaa En Devadhai.mp3
2025-11-30T21:23:53 update: added Tamil/James Vasanthan, Naresh Iyer, Shreya Ghoshal - Oru Vetkam Varudhe.mp3
2025-11-30T21:23:53 update: added Tamil/Swarnalatha, Mano - Andhiyile Vaanam.mp3
2025-11-30T21:23:53 update: added Tamil/S. Janaki - Nenjinile.mp3
2025-11-30T21:23:53 update: added Tamil/Anuradha Sriram, Tippu - Elanthapalam Elanthapalam.mp3
2025-11-30T21:23:53 update: added Tamil/Timmy, Tippu, Pop Shalini, Thamarai - Ennai Konjum.mp3
2025-11-30T21:23:53 update: added Tamil/Vijay Prakash - Iyley Iyley.mp3
2025-11-30T21:23:53 update: added Tamil/Shankar Mahadevan, Sadhana Sargam, Thamarai - Merke Merke.mp3
2025-11-30T21:23:53 update: added Tamil/S. P. Balasubrahmanyam, S. Janaki - Vizhiyile Mani.mp3
2025-11-30T21:23:53 update: added Tamil/Devi Sri Prasad, Baba Sehgal, Priyadarshini, Viveka - Kadhal Vandhale.mp3
2025-11-30T21:23:53 update: added Tamil/Mani Sharma, Ranjith Govind, Jaey - Hey Rosu Rosu.mp3
2025-11-30T21:23:53 update: added Tamil/Yuvan Shankar Raja, Tippu, Sujatha - Kovakkara Kiliye.mp3
2025-11-30T21:23:53 update: added Tamil/D. Imman, Haricharan - Ayayayoo Aananthamey.mp3
2025-11-30T21:23:53 update: added Tamil/Jithin Raj - Senthaamarai.mp3
2025-11-30T21:23:53 update: added Tamil/Deva, Devan Ekambaram, Sowmya Raoh, Vairamuthu - Macarina Macarina.mp3
2025-11-30T21:23:53 update: added Tamil/D. Imman, Benny Dayal, Sunidhi Chauhan - Lalaa Kadai Saanthi.mp3
2025-11-30T21:23:53 update: added Tamil/Aalaap Raju, Surmukhi Raman, D. Imman - Jal Jal Jal Oosai - From 'Manam Kothi Paravai'.mp3
2025-11-30T21:23:53 update: added Tamil/Harris Jayaraj, Aalaap Raju, Devan Ekambaram, Ranina Reddy - Engeyum Kaadhal.mp3
2025-11-30T21:23:53 update: added Tamil/Ilaiyaraaja, S. Janaki - Sangathil Padatha.mp3
2025-11-30T21:23:53 update: added Tamil/D. Imman, Shreya Ghoshal, Vijay Yesudas, Madhan Karky - Mirutha Mirutha.mp3
2025-11-30T21:23:53 update: added Tamil/S. Janaki - Aasai Athigam - From 'Marupadiyum'.mp3
2025-11-30T21:23:53 update: added Tamil/Ghibran, Namratha S. Aravindan, Anudeep Dev - Ponapokkil.mp3
2025-11-30T21:23:53 update: added Tamil/D. Imman, Maya Iyer - Mobila Mobila.mp3
2025-11-30T21:23:53 update: added Tamil/Deva, Vaali, Mano, Swarnalatha - Chinna Chinna.mp3
2025-11-30T21:23:53 update: added Tamil/P. Jayachandran, S. Janaki - Poove Eduthu.mp3
2025-11-30T21:23:53 update: added Tamil/Unnikrishnan, K. S. Chithra - Nandri Solla Unaku.mp3
2025-11-30T21:23:53 update: added Tamil/Yuvan Shankar Raja - Paathagathi Kannupattu.mp3
2025-11-30T21:23:53 update: added Tamil/A.R. Rahman, Hariharan, Sadhana Sargam - Arima Arima.mp3
2025-11-30T21:23:53 update: added Tamil/Ilaiyaraaja, Swarnalatha - Maalayil Yaaro.mp3
2025-11-30T21:23:53 update: added Tamil/Sirpy, Unni Menon, R Ravishankar - Engey Andha Vennila - Male Vocals.mp3
2025-11-30T21:23:53 update: added Tamil/Anirudh Ravichander, Andrea Jeremiah - Engadi Porandha.mp3
2025-11-30T21:23:53 update: added Tamil/Vijay Antony, Krishna Iyer, Shoba Chandrasekhar, Charulatha Mani, Shakthisree Gopalan, Annamalai - Uchimandai.mp3
2025-11-30T21:23:53 update: added Tamil/Ilaiyaraaja, Mano, K. S. Chithra - Nikkattumaa Pogattuma.mp3
2025-11-30T21:23:53 update: added Tamil/Vidyasagar, Madhu Balakrishnan, Harini - Ippavae Ippavae.mp3
2025-11-30T21:23:53 update: added Tamil/K. J. Yesudas, K. S. Chithra - Thenral Thaan.mp3
2025-11-30T21:23:53 update: added Tamil/Ilaiyaraaja - April Mayilae.mp3
2025-11-30T21:23:53 update: added Tamil/K. S. Chithra - Adiyile Sethi Solli.mp3
2025-11-30T21:23:53 update: added Tamil/K. J. Yesudas - Pottu Vaitha Oru Vatta Nila (From 'Idhayam').mp3
2025-11-30T21:23:53 update: added Tamil/Haricharan - Yaar Intha.mp3
2025-11-30T21:23:53 update: added Tamil/C. Sathya, Palani Ammal, Chinna - Nandooruthu.mp3
2025-11-30T21:23:53 update: added Tamil/S. P. Balasubrahmanyam, Yogi. B, Sunitha Sarathy - Engeyum Eppothum.mp3
2025-11-30T21:23:53 update: added Tamil/Ilaiyaraaja, K. J. Yesudas, K. S. Chithra - Sorgathin Vaasapadi.mp3
2025-11-30T21:23:53 update: added Tamil/Mukesh, Madhushree - Kacheri Kacheri.mp3
2025-11-30T21:23:53 update: added Tamil/Shankar Mahadevan, Sujatha, Kabilan - Aasai Aasai.mp3
2025-11-30T21:23:53 update: added Tamil/Harris Jayaraj, Hariharan, Srimathumitha - Ottaiyanum Senja Thara.mp3
2025-11-30T21:23:53 update: added Tamil/Mano, S. Janaki - Chinna Raasaavae (From 'Walter Vetrivel').mp3
2025-11-30T21:23:53 update: added Tamil/C. Sathya - Maasama.mp3
2025-11-30T21:23:53 update: added Tamil/Ilaiyaraaja, Mano, Swarnalatha, Vaali - Malai Kovil Vaasalil.mp3
2025-11-30T21:23:53 update: added Tamil/P. Jayachandran - Kaathirunthu.mp3
2025-11-30T21:23:53 update: added Tamil/Ilaiyaraaja, Uma Ramanan - Nil Nil Padhil Sol Sol.mp3
2025-11-30T21:23:53 update: added Tamil/Hiphop Tamizha, Shankar Mahadevan, Padmalatha - Kadhale Kadhale.mp3
2025-11-30T21:23:53 update: added Tamil/Mani Sharma, Udit Narayan, Pa. Vijay - Vaa Chellam.mp3
2025-11-30T21:23:53 update: added Tamil/Vijay Antony, Sangeetha Rajeshwaran - Ichu Ichu.mp3
2025-11-30T21:23:53 update: added Tamil/Achu - Pondattee - From 'Golisoda 2'.mp3
2025-11-30T21:23:53 update: added Tamil/Ghibran, Shadab Faridi, Chinmayi - Enthaaraa Enthaaraa.mp3
2025-11-30T21:23:53 update: added Tamil/Sriram Parthasarathy, Saindhavi - Kelamal Kaiyile.mp3
2025-11-30T21:23:53 update: added Tamil/Hariharan, K. S. Chithra - Minnal Oru Kodi.mp3
2025-11-30T21:23:53 update: added Tamil/S. P. Balasubrahmanyam - Nalam Vazha (From 'Marupadiyum').mp3
2025-11-30T21:23:53 update: added Tamil/Chinmayi - Un Nejukula.mp3
2025-11-30T21:23:53 update: added Tamil/D. Imman, Jyoti Nooran, Arvind Swamy, Madhan Karky - Kooduvittu Koodu.mp3
2025-11-30T21:23:53 update: added Tamil/A.R. Rahman, Vairamuthu - Columbus Columbus (From “Jeans”).mp3
2025-11-30T21:23:53 update: added Tamil/S. Janaki, Krishnachandran - Poo Vaadaikatru.mp3
2025-11-30T21:23:53 update: added Tamil/Nikkil Mathew, Chinmayi, Sadhana Sargam - Enadhuyire.mp3
2025-11-30T21:23:53 update: added Tamil/Thaman S, Karthik - Enna Oru Enna Oru.mp3
2025-11-30T21:23:53 update: added Tamil/Harris Jayaraj, Hariharan, Mahathi - Pudichirukku.mp3
2025-11-30T21:23:53 update: added Tamil/Ilaiyaraaja, Bhavadharini, Arunmozhi, Vairamuthu - Masthana Masthana.mp3
2025-11-30T21:23:53 update: added Tamil/Vijay Antony, Krishh, Suchitra, Viveka - Chinna Thamarai.mp3
2025-11-30T21:23:53 update: added Tamil/Vijay Antony, Rahul Nambiar, Gayathri - Boomiku Velichamellam.mp3
2025-11-30T21:23:53 update: added Tamil/Gold Devaraj - Kaathu Kaathu - 2013.mp3
2025-11-30T21:23:53 update: added Tamil/Mano, Sujatha - Aathangara Marame (From 'Kizhakku Cheemayile').mp3
2025-11-30T21:23:53 update: added Tamil/Swarnalatha - Aattama Therottama.mp3
2025-11-30T21:23:53 update: added Tamil/Ghibran, Chinmayi - Sara Sara Saara Kathu.mp3
2025-11-30T21:23:53 update: added Tamil/Palaashsen - Kadavule.mp3
2025-11-30T21:23:53 update: added Tamil/Ranjith Govind, Swetha - Tamil Tamil (From 'Pokkiri').mp3
2025-11-30T21:23:53 update: added Tamil/Mano, S. Janaki - Nila Kayum (From 'Chembaruthi').mp3
2025-11-30T21:23:53 update: added Tamil/S. P. Balasubrahmanyam - Unna Nenachen.mp3
2025-11-30T21:23:53 update: added Tamil/S. P. Balasubrahmanyam, S. Janaki - Saami Kitta Solli (From'Aavaram Poo').mp3
2025-11-30T21:23:53 update: added Tamil/D. Imman, Pradeep Kumar - Ammukuttiye.mp3
2025-11-30T21:23:53 update: added Tamil/Mano, S. Janaki - Pattu Poove.mp3
2025-11-30T21:23:53 update: added Tamil/Harris Jayaraj, Chinmayi, Harish Raghavendra, Madhan Karky - Nenjil Nenjil.mp3
2025-11-30T21:23:53 update: added Tamil/Unnikrishnan - Roja Roja (From 'Kadhalar Dhinam').mp3
2025-11-30T21:23:53 update: added Tamil/Vidyasagar, Vijay Prakash, Sadhana Sargam, Vairamuthu - Poovasam.mp3
2025-11-30T21:23:53 update: added Tamil/Yuvan Shankar Raja, Devan Ekambaram - Nahna Na Nah.mp3
2025-11-30T21:23:53 update: added Tamil/Ilaiyaraaja, Mano, K. S. Chithra - Madura Marikkozhunthu.mp3
2025-11-30T21:23:53 update: added Tamil/D. Imman, Jithin Raj, Shreya Ghoshal - Pidikkudhae.mp3
2025-11-30T21:23:53 update: added Tamil/Madhu Balakrishnan, Sadhana Sargam - Kanden Kanden.mp3
2025-11-30T21:23:53 update: added Tamil/Yuvan Shankar Raja, Neha Bhasin, Na.Muthukumar - Pesugiraen.mp3
2025-11-30T21:23:53 update: added Tamil/Ilaiyaraaja - Raaja Raajathi.mp3
2025-11-30T21:23:53 update: added Tamil/Yuvan Shankar Raja, Harihara Sudhan, Pooja - Pesadhe.mp3
2025-11-30T21:23:53 update: added Tamil/Harris Jayaraj, KK, Prashanthini - Love Pannu (Oru Punnagai Poove).mp3
2025-11-30T21:23:53 update: added Tamil/Devi Sri Prasad, Vikram, Suchitra - Excuse Me.mp3
2025-11-30T21:23:53 update: added Tamil/Swarnalatha - Ennullae - From 'Valli'.mp3
2025-11-30T21:23:53 update: added Tamil/Radhul Nambiar, Chinmayi - Endha Pakkam.mp3
2025-11-30T21:23:53 update: added Tamil/Ilaiyaraaja, S. P. Balasubrahmanyam, Swarnalatha - Ennai Thottu.mp3
2025-11-30T21:23:53 update: added Tamil/Srikanth Deva, Tippu, Shoba Chandrasekhar - Kodambakkam Area.mp3
2025-11-30T21:23:53 update: added Tamil/Ilaiyaraaja, K. S. Chithra - Antha Nilava Thaan.mp3
2025-11-30T21:23:53 update: added Tamil/Vidyasagar, Kalyani Nair - Mazhai Nindra.mp3
2025-11-30T21:23:53 update: added Tamil/K. J. Yesudas, Swarnalatha - Maasi Masam Alana Ponnu.mp3
2025-11-30T21:23:53 update: added Tamil/Yuvan Shankar Raja, Pa. Vijay - Katrukkulle.mp3
2025-11-30T21:23:53 update: added Tamil/Harris Jayaraj, Bombay Jayashri, Krish - Yaaro Manathile.mp3
2025-11-30T21:23:53 update: added Tamil/The Keys - Maravana.mp3
2025-11-30T21:23:53 update: added Tamil/B. Ajaneesh Loknath, Haricharan, Shweta Mohan - Nenjil Mamazhai.mp3
2025-11-30T21:23:53 update: added Tamil/K.K Mahalakshmi, Pop Shalini - Mudhal Naal.mp3
2025-11-30T21:23:53 update: added Tamil/Sundar C. Babu, Velmurugan, Kabilan - Aadunga Da.mp3
2025-11-30T21:23:53 update: added Tamil/Krishnamoorthy - Raathiriyil Paadum Paattu.mp3
2025-11-30T21:23:53 update: added Tamil/Ilaiyaraaja, P. Susheela - Poo Pookum Masam.mp3
2025-11-30T21:23:53 update: added Tamil/Shreya Ghoshal, Sriram Parthasarathy - Elangathu (From 'Pithamagan').mp3
2025-11-30T21:23:53 update: added Tamil/K. J. Yesudas, Manjula - Unnai Thaney Thanjam (From 'Nallavanukku Nallavan').mp3
2025-11-30T21:23:53 update: added Tamil/Prasanna.R, Hariharan, Mahathi - Mudhal Mazhai.mp3
2025-11-30T21:23:53 update: added Tamil/C. Sathya - Lovulla.mp3
2025-11-30T21:23:53 update: added Tamil/Bharadwaj, Vairamuthu, Grace - Seena Thana.mp3
2025-11-30T21:23:53 update: added Tamil/Yuvan Shankar Raja, Roop Kumar Rathod, Na.Muthukumar - Oru Devathai.mp3
2025-11-30T21:23:53 update: added Tamil/Darkkey - Jenama.mp3
2025-11-30T21:23:53 update: added Tamil/K. J. Yesudas - Akkarai Seemai.mp3
2025-11-30T21:23:53 update: added Tamil/Deva, Anuradha Sriram, Shankar Mahadevan - Kai Kai.mp3
2025-11-30T21:23:53 update: added Tamil/S. Janaki, Shankar Mahadevan - Mudhalvanae.mp3
2025-11-30T21:23:53 update: added Tamil/K. J. Yesudas - Thanni Thotti.mp3
2025-11-30T21:23:53 update: added Tamil/S. P. Balasubrahmanyam, S. Janaki - Adukku Malli Yeduthu (From 'Aavaram Poo').mp3
2025-11-30T21:23:53 update: added Tamil/Yuvan Shankar Raja, Na.Muthukumar, Vijay Yesudas - Kaadhal Vaithu.mp3
2025-11-30T21:23:53 update: added Tamil/Krishh, Arun, Pa. Vijay - June Ponal.mp3
2025-11-30T21:23:53 update: added Tamil/Karthik, Suchithra - Yaaradu.mp3
2025-11-30T21:23:53 update: added Tamil/K. S. Chithra - Kannalanae (From 'Bombay').mp3
2025-11-30T21:23:53 update: added Tamil/Vijay Antony, Sangeetha Rajeshwaran - Mayam Seidhayo.mp3
2025-11-30T21:23:53 update: added Tamil/Naveen Madhav, Priyan, Sundar C. Babu - Kathala Kannala.mp3
2025-11-30T21:23:53 update: added Tamil/D. Imman, Ranjith Govind - Aahaa Kathal Vandhu.mp3
2025-11-30T21:23:53 update: added Tamil/Anushka Manchanda, Premgi Amaren - Thee Pidikka.mp3
2025-11-30T21:23:53 update: added Tamil/Madhu Balakrishnan - Mella Valanjadhu.mp3
2025-11-30T21:23:53 update: added Tamil/C. Sathya, Sathyaprakash - Kutheeti.mp3
2025-11-30T21:23:53 update: added Tamil/Devan Ekambaram, Clinton Cerejo, Dominique Cerejo - Smiyai.mp3
2025-11-30T21:23:53 update: added Tamil/Harris Jayaraj, Sadhana Sargam, Benny Dayal, Yugabharathi - En Anbe.mp3
2025-11-30T21:23:53 update: added Tamil/K. J. Yesudas - Kannukkum Kannukkum Modhal.mp3
2025-11-30T21:23:53 update: added Tamil/S. P. Balasubrahmanyam, K. S. Chithra - Marugo Marugo.mp3
2025-11-30T21:23:53 update: added Tamil/Unnikrishnan, K. S. Chithra - Maharajanodu.mp3
2025-11-30T21:23:53 update: added Tamil/Unnikrishnan, S. Janaki, Pa. Vijay - Yeh Asainthadum.mp3
2025-11-30T21:23:53 update: added Tamil/Ilaiyaraaja, Sid Sriram, Kabilan - Unna Nenachu (From 'Psycho (Tamil)').mp3
2025-11-30T21:23:53 update: added Tamil/Harris Jayaraj, Pranko, Solar Sai, Sowmya, Thamarai - Neruppe.mp3
2025-11-30T21:23:53 update: added Tamil/Unnikrishnan, Anuradha Sriram - Roja Poonthottam.mp3
2025-11-30T21:23:53 update: added Tamil/Vidyasagar, Udit Narayan, Shreya Ghoshal, Yugabharathi - Thaen Thaen Thaen.mp3
2025-11-30T21:23:53 update: added Tamil/Shreya Ghoshal, Sid Sriram - Saara Kaattrae.mp3
2025-11-30T21:23:53 update: added Tamil/Deepan Chakarvarthy, Uma Ramanan - Poongathave Thaal.mp3
2025-11-30T21:23:53 update: added Tamil/S. P. Balasubrahmanyam - Sangeetha Megam.mp3
2025-11-30T21:23:53 update: added Tamil/Ilaiyaraaja, Deepan Chakravarthy, P. Susheela - Arumbaagi Mottaagi.mp3
2025-11-30T21:23:53 update: added Tamil/Ilaiyaraaja - Chinna Kuyil Paadum Pattu.mp3
2025-11-30T21:23:53 update: added Tamil/Ilaiyaraaja, S. Janaki - Aagaya Thamarai.mp3
2025-11-30T21:23:53 update: added Tamil/Ilaiyaraaja, P. Susheela - Poonkaaviyam.mp3
2025-11-30T21:23:53 update: added Tamil/Ilaiyaraaja, K. J. Yesudas - Raja Raja Chozhan.mp3
2025-11-30T21:23:53 update: added Tamil/Devi Sri Prasad, Snehan - Dheemthanakka Thillana.mp3
2025-11-30T21:23:53 update: added Tamil/A.R. Rahman, Dhee - Yennai Izhukkuthadi (From 'Kadhalikka Neramillai').mp3
2025-11-30T21:23:53 update: added Tamil/Sean Roldan, Pradeep Kumar, Nithyashree Venkataramanan - Kodi Aruvi.mp3
2025-11-30T21:23:53 update: added Tamil/Benny Dayal, Yugendran, Srimathumitha, Tippu - Mudhal Mudhalai.mp3
2025-11-30T21:23:53 update: added Tamil/Darkkey - Arakana.mp3
2025-11-30T21:23:53 update: added Tamil/Deepan Chakravarthy, Mano, Malaysia Vasudevan, S. N. Surendar - Dhevadhai Pol.mp3
2025-11-30T21:23:53 update: added Tamil/S. Janaki - Oho Megam Vandhadho.mp3
2025-11-30T21:23:53 update: added Tamil/Haricharan, Shreya Ghoshal, D. Imman, Yugabharathi - Pona Usuru Vanthurichu.mp3
2025-11-30T21:23:53 update: added Tamil/Ilaiyaraaja, S. Janaki - Valli Valli Enna (From'Deiva Vakku').mp3
2025-11-30T21:23:53 update: added Tamil/Shankar Mahadevan, Premgi Amaren - Saroja Saman Nikolo (From 'Chennai-600028').mp3
2025-11-30T21:23:53 update: added Tamil/S. P. Balasubrahmanyam, K. S. Chithra - Aalappol Velappol (From 'Yejaman').mp3
2025-11-30T22:12:10 player: played "Tamil/D. Imman, Sathyaprakash - Aanaalum Indha Mayakkam.mp3"
2025-11-30T22:16:51 player: played "Tamil/Harris Jayaraj, KK, Prashanthini - Love Pannu (Oru Punnagai Poove).mp3"
2025-11-30T22:20:26 player: played "Tamil/Udit Narayan, Hariharan - Romeo Aattam Pottaal (From' Mr. Romeo').mp3"
2025-11-30T22:27:03 player: played "Tamil/Jithin Raj - Senthaamarai.mp3"
2025-11-30T22:31:37 player: played "Tamil/Vijay Antony, Krishh, Suchitra, Viveka - Chinna Thamarai.mp3"
2025-11-30T22:37:08 player: played "Tamil/Yuvan Shankar Raja, Neha Bhasin, Na.Muthukumar - Pesugiraen.mp3"
2025-11-30T22:40:54 player: played "Tamil/S. Janaki, Krishnachandran - Poo Vaadaikatru.mp3"
2025-11-30T22:45:54 player: played "Tamil/D. Imman, Sathyaprakash - Aanaalum Indha Mayakkam.mp3"
2025-11-30T22:50:19 player: played "Tamil/D. Imman, Haricharan - Ayayayoo Aananthamey.mp3"
2025-11-30T22:56:54 player: played "Tamil/S. P. Balasubrahmanyam, Sadhana Sargam, Reena Bhardwaj - Kaatril.mp3"
2025-11-30T23:00:49 player: played "Tamil/Ilaiyaraaja, Roshini, Pa. Vijay - Namma Kattula.mp3"
2025-11-30T23:05:05 player: played "Tamil/D. Imman, Kumaresh KamalaKannan, Nalini Krishnan, Madhan Karky - Kulebaa Vaa (From 'Ippadai Vellum').mp3"
2025-11-30T23:09:17 player: played "Tamil/Kamal Haasan - Vikram Vikram.mp3"
2025-12-01T00:18:32 player: played "Tamil/Vidyasagar, Kalyani Nair - Mazhai Nindra.mp3"
2025-12-01T00:47:42 player: played "Tamil/Vidyasagar, Kalyani Nair - Mazhai Nindra.mp3"
2025-12-01T09:36:56 player: played "Tamil/Vidyasagar, Kalyani Nair - Mazhai Nindra.mp3"
2025-12-02T00:55:40 player: played "Tamil/Vidyasagar, Kalyani Nair - Mazhai Nindra.mp3"
2025-12-02T01:46:34 player: played "Tamil/Ilaiyaraaja, S. Janaki - Oru Sandhana Kaattukkulle.mp3"
2025-12-02T01:46:51 player: played "Tamil/Ilaiyaraaja, S. Janaki - Oru Sandhana Kaattukkulle.mp3"
2025-12-02T02:09:04 player: played "Tamil/Ilaiyaraaja, S. Janaki - Oru Sandhana Kaattukkulle.mp3"
2025-12-02T02:10:35 player: played "Tamil/Ilaiyaraaja, S. Janaki - Oru Sandhana Kaattukkulle.mp3"
2025-12-02T02:11:41 player: played "Tamil/Ilaiyaraaja, S. Janaki - Oru Sandhana Kaattukkulle.mp3"
2025-12-02T02:22:04 player: played "Tamil/Ilaiyaraaja, S. Janaki - Oru Sandhana Kaattukkulle.mp3"
2025-12-02T03:56:29 player: played "Tamil/Ilaiyaraaja, S. Janaki - Oru Sandhana Kaattukkulle.mp3"
2025-12-02T13:27:57 player: played "Tamil/Ilaiyaraaja, S. Janaki - Oru Sandhana Kaattukkulle.mp3"
2025-12-02T17:20:42 player: played "Tamil/Ilaiyaraaja, S. Janaki - Oru Sandhana Kaattukkulle.mp3"
2025-12-02T17:29:28 player: played "Tamil/Ilaiyaraaja, S. Janaki - Oru Sandhana Kaattukkulle.mp3"
2025-12-02T18:23:49 player: played "Tamil/Ilaiyaraaja, S. Janaki - Oru Sandhana Kaattukkulle.mp3"
2025-12-02T23:56:46 player: played "Tamil/Ilaiyaraaja, S. Janaki - Oru Sandhana Kaattukkulle.mp3"
2025-12-03T00:00:13 player: played "Tamil/Hiphop Tamizha, Shankar Mahadevan, Padmalatha - Kadhale Kadhale.mp3"
2025-12-03T00:05:20 player: played "Tamil/Deva, Vaali, S. P. Balasubrahmanyam, K. S. Chithra - Sendhoora Pandikku.mp3"
2025-12-03T00:09:55 player: played "Tamil/Santhosh Narayanan, Ananthu, Pradeep Kumar, Shweta Mohan - Maya Nadhi.mp3"
2025-12-03T00:16:05 player: played "Tamil/Unnikrishnan - Roja Roja (From 'Kadhalar Dhinam').mp3"
2025-12-03T00:20:55 player: played "Tamil/Vidyasagar, Madhu Balakrishnan - Vaa Vaa En Devadhai.mp3"
2025-12-03T00:24:58 player: played "Tamil/Santhosh Narayanan, Muthamil - Kadhal Kappal.mp3"
2025-12-03T00:30:56 player: played "Tamil/Harini - Manam Virumbuthe (From 'Naerukku Naer').mp3"
2025-12-03T00:35:59 player: played "Tamil/Radhul Nambiar, Chinmayi - Endha Pakkam.mp3"
2025-12-03T00:40:44 player: played "Tamil/Malaysia Vasudevan - Annakiliyae.mp3"
2025-12-03T00:45:25 player: played "Tamil/Harris Jayaraj, KK, Prashanthini - Love Pannu (Oru Punnagai Poove).mp3"
2025-12-03T00:50:17 player: played "Tamil/Deva, Vaali, Mano, Swarnalatha - Chinna Chinna.mp3"
2025-12-03T00:55:29 player: played "Tamil/Mano, Swarnalatha - Malliyae Chinna Mullaiyae (From 'Pandithurai').mp3"
2025-12-03T01:00:17 player: played "Tamil/S. P. Balasubrahmanyam, S. Janaki - Intha Mamanoda Manasu.mp3"
2025-12-03T01:53:18 player: played "Tamil/K. J. Yesudas - Akkarai Seemai.mp3"
2025-12-03T01:58:13 player: played "Tamil/Ilaiyaraaja, S. Janaki - Aagaya Thamarai.mp3"
2025-12-03T02:03:43 player: played "Tamil/Srikanth Deva, Tippu, Shoba Chandrasekhar - Kodambakkam Area.mp3"
2025-12-03T02:08:42 player: played "Tamil/Shankar Mahadevan, Swarnalatha - Katta Katta.mp3"
2025-12-03T02:13:52 player: played "Tamil/Devan Ekambaram, Clinton Cerejo, Dominique Cerejo - Smiyai.mp3"
2025-12-03T02:20:02 player: played "Tamil/P. Jayachandran, Sunandha - Semmeene Semmeene.mp3"
2025-12-03T02:24:31 player: played "Tamil/Vidyasagar, Vijay Prakash, Sadhana Sargam, Vairamuthu - Poovasam.mp3"
2025-12-03T02:29:28 player: played "Tamil/K. J. Yesudas, Swarnalatha - Aaradi Chuvaruthaan.mp3"
2025-12-03T02:33:58 player: played "Tamil/S. P. Balasubrahmanyam, K. S. Chithra - Hey Aiyasamy.mp3"
2025-12-03T02:39:06 player: played "Tamil/Shankar Mahadevan, Sadhana Sargam, Thamarai - Merke Merke.mp3"
2025-12-03T02:43:54 player: played "Tamil/Sudharshan M. Kumar, Ranjith Govind - En Moochum Venam.mp3"
2025-12-03T02:48:15 player: played "Tamil/D. Imman, Vijay Prakash - Pom Pom Pom.mp3"
2025-12-03T02:52:19 player: played "Tamil/Yuvan Shankar Raja - Thaakkuthe Kan Thaakkuthe.mp3"
2025-12-03T02:58:05 player: played "Tamil/Devi Sri Prasad, Vikram, Suchitra - Excuse Me.mp3"
2025-12-03T03:03:10 player: played "Tamil/Haricharan - Yaar Intha.mp3"
2025-12-03T03:12:27 player: played "Tamil/Harris Jayaraj, Javed Ali, Mahalakshmi Iyer, Nincy Vincent, Madhan Karky - Kaal Mulaitha Poovae.mp3"
2025-12-03T03:17:36 player: played "Tamil/Ilaiyaraaja, Mano, K. S. Chithra - Nikkattumaa Pogattuma.mp3"
2025-12-03T03:22:22 player: played "Tamil/K. J. Yesudas - Pottu Vaitha-KJ.mp3"
2025-12-03T03:28:03 player: played "Tamil/Ilaiyaraaja, Mano, K.S. Chitra - Maniyae Manikkuyile.mp3"
2025-12-03T03:32:32 player: played "Tamil/Ilaiyaraaja - Nila Adhu Vanathumele.mp3"
2025-12-03T03:38:12 player: played "Tamil/S. P. Balasubrahmanyam, Preethi - Kadhal Vaanile.mp3"
2025-12-03T03:41:32 player: played "Tamil/Santhosh Dhayanidhi, Sid Sriram, Alisha Thomas, Aishwarya Kumar, Uma Devi - Hey Penne.mp3"
2025-12-03T03:46:28 player: played "Tamil/Harish Raghavendra, Sri Charan, Mega Chorus - Thozhiya.mp3"
2025-12-03T03:51:24 player: played "Tamil/Ilaiyaraaja, Uma Ramanan - Nil Nil Padhil Sol Sol.mp3"
2025-12-03T03:56:52 player: played "Tamil/Ramesh Vinayakam - Vizhigalin Aruginil.mp3"
2025-12-03T04:01:43 player: played "Tamil/Unnikrishnan, Anuradha Sriram - Roja Poonthottam.mp3"
2025-12-03T04:06:34 player: played "Tamil/Yuvan Shankar Raja, Pa. Vijay, Neha Bhasin, Preethi Balla - Sei Yedhavathu Sei.mp3"
2025-12-03T04:12:20 player: played "Tamil/Sabesh Murali, Vijay Yesudas, Chinmayi - Nila Nee Vaanam.mp3"
2025-12-03T04:16:54 player: played "Tamil/Ilaiyaraaja, S. P. Balasubrahmanyam, S. Janaki - Panivizhum Iravu.mp3"
2025-12-03T04:21:53 player: played "Tamil/Karthik Raja, Unnikrishnan, Harini - Veesum Kaatrukku.mp3"
2025-12-03T04:27:09 player: played "Tamil/Yuvan Shankar Raja, Karthik, Vijay Yesudas, Anusha Dhayanidhi - Balle Lakka.mp3"
2025-12-03T04:32:20 player: played "Tamil/Unnikrishnan, S. Janaki, Pa. Vijay - Yeh Asainthadum.mp3"
2025-12-03T04:37:15 player: played "Tamil/Yuvan Shankar Raja, Andrea Jeremiah, Tanvi Shah, Ranjith Govind, Vinaita Sivakumar - Theeratha Vilaiyattu.mp3"
2025-12-03T04:42:03 player: played "Tamil/Bharadwaj, Vairamuthu, Grace - Seena Thana.mp3"
2025-12-03T04:47:24 player: played "Tamil/Harris Jayaraj, Shankar Mahadevan, Sunidhi Chauhan, Chinmayi, Vairamuthu - Roja Kadale.mp3"
2025-12-03T04:52:01 player: played "Tamil/Vijay Antony, Emcee Jezz, Naresh Iyer, Andrea Jeremiah, Sharmila - Kadhalikka.mp3"
2025-12-03T04:55:39 player: played "Tamil/G. V. Prakash, Shakthisree Gopalan - Angnyaade.mp3"
2025-12-03T05:01:24 player: played "Tamil/S. P. Balasubrahmanyam, S. Janaki - Adukku Malli Yeduthu (From 'Aavaram Poo').mp3"
2025-12-03T16:59:38 player: played "Tamil/S. P. Balasubrahmanyam, S. Janaki - Adukku Malli Yeduthu (From 'Aavaram Poo').mp3"
2025-12-03T17:00:43 player: played "Tamil/Ilaiyaraaja, S. P. Balasubrahmanyam, Swarnalatha - Ennai Thottu.mp3"
2025-12-03T17:26:02 player: played "Tamil/Ilaiyaraaja, S. P. Balasubrahmanyam, Swarnalatha - Ennai Thottu.mp3"
